moudle_speech/build/intermediates/manifest_merge_blame_file/debug/manifest-merger-blame-debug-report.txt
1<?xml version="1.0" encoding="utf-8"?>
2<manifest xmlns:android="http://schemas.android.com/apk/res/android"
3    package="com.iflytek.voicedemo"
4    android:versionCode="1"
5    android:versionName="2.0.1018.1013" >
6
7    <uses-sdk
8        android:minSdkVersion="21"
8-->src/main/AndroidManifest.xml
9        android:targetSdkVersion="29" />
9-->src/main/AndroidManifest.xml
10
11    <uses-permission android:name="android.permission.RECORD_AUDIO" />
11-->src/main/AndroidManifest.xml:7:5-71
11-->src/main/AndroidManifest.xml:7:22-68
12    <uses-permission android:name="android.permission.INTERNET" />
12-->src/main/AndroidManifest.xml:8:5-67
12-->src/main/AndroidManifest.xml:8:22-64
13    <uses-permission android:name="android.permission.ACCESS_NETWORK_STATE" />
13-->src/main/AndroidManifest.xml:9:5-79
13-->src/main/AndroidManifest.xml:9:22-76
14    <uses-permission android:name="android.permission.ACCESS_WIFI_STATE" />
14-->src/main/AndroidManifest.xml:10:5-76
14-->src/main/AndroidManifest.xml:10:22-73
15    <uses-permission android:name="android.permission.CHANGE_NETWORK_STATE" />
15-->src/main/AndroidManifest.xml:11:5-79
15-->src/main/AndroidManifest.xml:11:22-76
16    <uses-permission android:name="android.permission.READ_PHONE_STATE" />
16-->src/main/AndroidManifest.xml:12:5-75
16-->src/main/AndroidManifest.xml:12:22-72
17    <uses-permission android:name="android.permission.ACCESS_FINE_LOCATION" />
17-->src/main/AndroidManifest.xml:13:5-79
17-->src/main/AndroidManifest.xml:13:22-76
18    <uses-permission android:name="android.permission.READ_CONTACTS" />
18-->src/main/AndroidManifest.xml:14:5-72
18-->src/main/AndroidManifest.xml:14:22-69
19    <uses-permission android:name="android.permission.WRITE_EXTERNAL_STORAGE" />
19-->src/main/AndroidManifest.xml:15:5-81
19-->src/main/AndroidManifest.xml:15:22-78
20    <uses-permission android:name="android.permission.READ_EXTERNAL_STORAGE" />
20-->src/main/AndroidManifest.xml:16:5-80
20-->src/main/AndroidManifest.xml:16:22-77
21    <uses-permission android:name="android.permission.ACCESS_COARSE_LOCATION" />
21-->src/main/AndroidManifest.xml:17:5-81
21-->src/main/AndroidManifest.xml:17:22-78
22
23    <application>
23-->src/main/AndroidManifest.xml:19:5-88:19
24        <activity
24-->src/main/AndroidManifest.xml:20:9-24:52
25            android:name="com.iflytek.voicedemo.MainActivity"
25-->src/main/AndroidManifest.xml:21:13-62
26            android:configChanges="mcc|mnc|locale|touchscreen             |keyboard|keyboardHidden|navigation|orientation|screenLayout|fontScale"
26-->src/main/AndroidManifest.xml:20:9-24:52
27            android:screenOrientation="portrait" />
27-->src/main/AndroidManifest.xml:24:13-49
28        <activity android:name="com.iflytek.speech.setting.TtsSettings" />
28-->src/main/AndroidManifest.xml:25:9-75
28-->src/main/AndroidManifest.xml:25:19-72
29        <activity android:name="com.iflytek.speech.setting.IatSettings" />
29-->src/main/AndroidManifest.xml:26:9-75
29-->src/main/AndroidManifest.xml:26:19-72
30        <activity
30-->src/main/AndroidManifest.xml:27:9-31:52
31            android:name="com.iflytek.voicedemo.IatDemo"
31-->src/main/AndroidManifest.xml:28:13-57
32            android:configChanges="mcc|mnc|locale|touchscreen             |keyboard|keyboardHidden|navigation|orientation|screenLayout|fontScale"
32-->src/main/AndroidManifest.xml:27:9-31:52
33            android:screenOrientation="portrait" />
33-->src/main/AndroidManifest.xml:31:13-49
34        <activity
34-->src/main/AndroidManifest.xml:32:9-36:52
35            android:name="com.iflytek.voicedemo.AsrDemo"
35-->src/main/AndroidManifest.xml:33:13-57
36            android:configChanges="mcc|mnc|locale|touchscreen             |keyboard|keyboardHidden|navigation|orientation|screenLayout|fontScale"
36-->src/main/AndroidManifest.xml:32:9-36:52
37            android:screenOrientation="portrait" />
37-->src/main/AndroidManifest.xml:36:13-49
38        <activity
38-->src/main/AndroidManifest.xml:37:9-41:52
39            android:name="com.iflytek.voicedemo.TtsDemo"
39-->src/main/AndroidManifest.xml:38:13-57
40            android:configChanges="mcc|mnc|locale|touchscreen             |keyboard|keyboardHidden|navigation|orientation|screenLayout|fontScale"
40-->src/main/AndroidManifest.xml:37:9-41:52
41            android:screenOrientation="portrait" />
41-->src/main/AndroidManifest.xml:41:13-49
42        <activity
42-->src/main/AndroidManifest.xml:42:9-46:52
43            android:name="com.iflytek.voicedemo.IseDemo"
43-->src/main/AndroidManifest.xml:43:13-57
44            android:configChanges="mcc|mnc|locale|touchscreen             |keyboard|keyboardHidden|navigation|orientation|screenLayout|fontScale"
44-->src/main/AndroidManifest.xml:42:9-46:52
45            android:screenOrientation="portrait" />
45-->src/main/AndroidManifest.xml:46:13-49
46        <activity
46-->src/main/AndroidManifest.xml:47:9-51:52
47            android:name="com.iflytek.voicedemo.vocalverify.VocalVerifyDemo"
47-->src/main/AndroidManifest.xml:48:13-77
48            android:configChanges="mcc|mnc|locale|touchscreen             |keyboard|keyboardHidden|navigation|orientation|screenLayout|fontScale"
48-->src/main/AndroidManifest.xml:47:9-51:52
49            android:screenOrientation="portrait" />
49-->src/main/AndroidManifest.xml:51:13-49
50        <activity
50-->src/main/AndroidManifest.xml:52:9-56:52
51            android:name="com.iflytek.voicedemo.faceonline.OnlineFaceDemo"
51-->src/main/AndroidManifest.xml:53:13-75
52            android:configChanges="mcc|mnc|locale|touchscreen             |keyboard|keyboardHidden|navigation|orientation|screenLayout|fontScale"
52-->src/main/AndroidManifest.xml:52:9-56:52
53            android:screenOrientation="portrait" />
53-->src/main/AndroidManifest.xml:56:13-49
54        <activity
54-->src/main/AndroidManifest.xml:57:9-61:52
55            android:name="com.iflytek.voicedemo.IdentifyGroup.GroupManagerActivity"
55-->src/main/AndroidManifest.xml:58:13-84
56            android:configChanges="mcc|mnc|locale|touchscreen             |keyboard|keyboardHidden|navigation|orientation|screenLayout|fontScale"
56-->src/main/AndroidManifest.xml:57:9-61:52
57            android:screenOrientation="portrait" />
57-->src/main/AndroidManifest.xml:61:13-49
58        <activity
58-->src/main/AndroidManifest.xml:62:9-66:52
59            android:name="com.iflytek.voicedemo.IdentifyGroup.FaceIdentifyActivity"
59-->src/main/AndroidManifest.xml:63:13-84
60            android:configChanges="mcc|mnc|locale|touchscreen             |keyboard|keyboardHidden|navigation|orientation|screenLayout|fontScale"
60-->src/main/AndroidManifest.xml:62:9-66:52
61            android:screenOrientation="portrait" />
61-->src/main/AndroidManifest.xml:66:13-49
62        <activity
62-->src/main/AndroidManifest.xml:67:9-71:52
63            android:name="com.iflytek.voicedemo.IdentifyGroup.VocalIdentifyActivity"
63-->src/main/AndroidManifest.xml:68:13-85
64            android:configChanges="mcc|mnc|locale|touchscreen             |keyboard|keyboardHidden|navigation|orientation|screenLayout|fontScale"
64-->src/main/AndroidManifest.xml:67:9-71:52
65            android:screenOrientation="portrait" />
65-->src/main/AndroidManifest.xml:71:13-49
66        <activity
66-->src/main/AndroidManifest.xml:72:9-76:52
67            android:name="com.iflytek.voicedemo.IdentifyGroup.ResultIdentifyActivity"
67-->src/main/AndroidManifest.xml:73:13-86
68            android:configChanges="mcc|mnc|locale|touchscreen             |keyboard|keyboardHidden|navigation|orientation|screenLayout|fontScale"
68-->src/main/AndroidManifest.xml:72:9-76:52
69            android:screenOrientation="portrait" />
69-->src/main/AndroidManifest.xml:76:13-49
70        <activity
70-->src/main/AndroidManifest.xml:77:9-81:52
71            android:name="com.iflytek.speech.setting.IseSettings"
71-->src/main/AndroidManifest.xml:78:13-66
72            android:configChanges="mcc|mnc|locale|touchscreen             |keyboard|keyboardHidden|navigation|orientation|screenLayout|fontScale"
72-->src/main/AndroidManifest.xml:77:9-81:52
73            android:screenOrientation="portrait" />
73-->src/main/AndroidManifest.xml:81:13-49
74        <activity
74-->src/main/AndroidManifest.xml:82:9-86:52
75            android:name="com.iflytek.speech.setting.UrlSettings"
75-->src/main/AndroidManifest.xml:83:13-66
76            android:configChanges="mcc|mnc|locale|touchscreen             |keyboard|keyboardHidden|navigation|orientation|screenLayout|fontScale"
76-->src/main/AndroidManifest.xml:82:9-86:52
77            android:screenOrientation="portrait" />
77-->src/main/AndroidManifest.xml:86:13-49
78    </application>
79
80</manifest>